<?xml version="1.0" encoding="UTF-8"?>
<!-- Generated by org.testng.reporters.JUnitReportReporter -->
<testsuite hostname="Ramkumars-MacBook-Air.local" failures="0" tests="1" name="com.qa.api.tests.CreateUserPostCallTest" time="1.931" errors="0" timestamp="2024-11-18T01:49:27 IST" skipped="0">
  <testcase classname="com.qa.api.tests.CreateUserPostCallTest" name="createUserTest" time="1.931"/>
  <system-out/>
</testsuite> <!-- com.qa.api.tests.CreateUserPostCallTest -->
