<?xml version="1.0" encoding="UTF-8"?>
<!-- Generated by org.testng.reporters.JUnitReportReporter -->
<testsuite hostname="Ramkumars-MacBook-Air.local" failures="0" tests="1" name="com.qa.api.tests.CreateUserWithJsonFileTest" time="1.581" errors="0" timestamp="2024-11-23T01:51:27 IST" skipped="0">
  <testcase classname="com.qa.api.tests.CreateUserWithJsonFileTest" name="createUserTest" time="1.581"/>
  <system-out/>
</testsuite> <!-- com.qa.api.tests.CreateUserWithJsonFileTest -->
