<?xml version="1.0" encoding="UTF-8"?>
<!-- Generated by org.testng.reporters.JUnitReportReporter -->
<testsuite hostname="Ramkumars-MacBook-Air.local" failures="0" tests="2" name="com.qa.api.tests.GETAPICall" time="1.883" errors="0" timestamp="2024-11-17T00:16:21 IST" skipped="0">
  <testcase classname="com.qa.api.tests.GETAPICall" name="getUsersApiTest" time="0.686"/>
  <system-out/>
  <testcase classname="com.qa.api.tests.GETAPICall" name="getSpecificUserApiTest" time="1.197"/>
  <system-out/>
</testsuite> <!-- com.qa.api.tests.GETAPICall -->
