<?xml version="1.0" encoding="UTF-8"?>
<!-- Generated by org.testng.reporters.JUnitReportReporter -->
<testsuite hostname="Ramkumars-MacBook-Air.local" failures="0" tests="1" name="com.qa.api.tests.APIResponseHeadersTest" time="1.182" errors="0" timestamp="2024-11-17T20:24:28 IST" skipped="0">
  <testcase classname="com.qa.api.tests.APIResponseHeadersTest" name="getHeadersTest" time="1.182"/>
  <system-out/>
</testsuite> <!-- com.qa.api.tests.APIResponseHeadersTest -->
